Parameters:
QualTrim: 0
QualFilter: no filtering
HardClip: 0
Min length: 40
Sample freq: 1
PE Mode: 1
Quality scaling: 2
MinGC: 0
MaxGC: 1
Outfile: stdout
Orphan file: none
Discarding sequences with ambiguous bases
Processing pe files /nobackup/data11/data/Fucus_vesiculosus/A.Blomberg_15_01/best_practice_qc/P1887_101/fastq_trimmed/7_150521_AC6VGLANXX_P1887_101_1.fastq, /nobackup/data11/data/Fucus_vesiculosus/A.Blomberg_15_01/best_practice_qc/P1887_101/fastq_trimmed/7_150521_AC6VGLANXX_P1887_101_2.fastq

Preprocess stats:
Reads parsed:	493722666
Reads kept:	486201696 (0.984767)
Reads failed primer screen:	101 (2.04568e-07)
Bases parsed:	60931013362
Bases kept:	60262218090 (0.989024)
Number of incorrectly paired reads that were discarded: 0
[timer - sga preprocess] wall clock: 3614.75s CPU: 2373.28s
[timer - sga index] wall clock: 14570.96s CPU: 60607.98s
Loading FM-index of Fucus_vesiculosus.preprocessed.fastq
[timer - sga::preqc] wall clock: 7946.44s CPU: 42158.81s
