
Version 2.04: released on July 13th, 2012
Compile Jul  9 2013	11:57:30

********************
Map
********************

Parameters: map -s soap_test.config -g Fucus_SOAP-1 -p 30 -K 87 

Kmer size: 87.
Contig length cutoff: 89.

12374511 contig(s), maximum sequence length 60494, minimum sequence length 88, maximum name length 10.
Time spent on parsing contigs file: 9s.
30 thread(s) initialized.
--- 10000000th contig(s).
Time spent on hashing contigs: 640s.
1555144701 node(s) allocated, 1621632638 kmer(s) in contigs, 1621632638 kmer(s) processed.
Time spent on graph construction: 649s.

Time spent on aligning long reads: 0s.

In file: soap_test.config, max seq len 301, max name len 256
30 thread(s) initialized.
24748791 edge(s) in the graph.
Import reads from file:
 ../../00_Data/A.Blomberg_15_01/best_practice_qc/P1887_101/fastq_trimmed/7_150521_AC6VGLANXX_P1887_101_1.fastq
Import reads from file:
 ../../00_Data/A.Blomberg_15_01/best_practice_qc/P1887_101/fastq_trimmed/7_150521_AC6VGLANXX_P1887_101_2.fastq
Current insert size is 162, map_len is 32.
--- 100000000th reads.
--- 200000000th reads.
--- 300000000th reads.
--- 400000000th reads.
Import reads from file:
 ../../00_Data/A.Blomberg_15_17/best_practice_qc/P3719_201/fastq_trimmed/filterPCRdupl_AB_15_17_uniq1.fastq
Import reads from file:
 ../../00_Data/A.Blomberg_15_17/best_practice_qc/P3719_201/fastq_trimmed/filterPCRdupl_AB_15_17_uniq2.fastq
Current insert size is 354, map_len is 32.
--- 500000000th reads.
--- 600000000th reads.
--- 700000000th reads.
--- 800000000th reads.
--- 900000000th reads.
--- 1000000000th reads.
--- 1100000000th reads.
--- 1200000000th reads.
Import reads from file:
 ../../00_Data/A.Blomberg_16_07/best_practice_qc/P4453_101/fastq_trimmed/P4453_101_S1_L001_R1_001.fastq
Import reads from file:
 ../../00_Data/A.Blomberg_16_07/best_practice_qc/P4453_101/fastq_trimmed/P4453_101_S1_L001_R2_001.fastq
Current insert size is 501, map_len is 32.
--- 1300000000th reads.
Import reads from file:
 ../../00_Data/A.Blomberg_16_07/best_practice_qc/P4453_101/fastq_trimmed/P4453_101_S1_L002_R1_001.fastq
Import reads from file:
 ../../00_Data/A.Blomberg_16_07/best_practice_qc/P4453_101/fastq_trimmed/P4453_101_S1_L002_R2_001.fastq
--- 1400000000th reads.
--- 1500000000th reads.
Import reads from file:
 ../../00_Data/A.Blomberg_15_20/P3722/best_practice_qc/P3722_201/fastq_trimmed/filterPCRdupl_uniq1.FXT.fastq
Import reads from file:
 ../../00_Data/A.Blomberg_15_20/P3722/best_practice_qc/P3722_201/fastq_trimmed/filterPCRdupl_uniq2.FXT.fastq
Current insert size is 5282, map_len is 35.
--- 1600000000th reads.

Total reads         1659471084
Reads in gaps       664236685
Ratio               40.0%
Reads on contigs    1387108878
Ratio               83.6%
4 pe insert size, the largest boundary is 1659471084.

LIB(s) information:
 [LIB] 0, avg_ins 162, reverse 0.
 [LIB] 1, avg_ins 354, reverse 0.
 [LIB] 2, avg_ins 501, reverse 0.
 [LIB] 3, avg_ins 5282, reverse 1.
Time spent on aligning reads: 30338s.

Overall time spent on alignment: 516m.

